<?xml version="1.0" encoding="UTF-8"?>
<testng-results skipped="0" failed="1" ignored="0" total="1" passed="0">
  <reporter-output>
  </reporter-output>
  <suite name="Default suite" duration-ms="41757" started-at="2022-02-08T09:10:39 IST" finished-at="2022-02-08T09:11:21 IST">
    <groups>
    </groups>
    <test name="Default test" duration-ms="41757" started-at="2022-02-08T09:10:39 IST" finished-at="2022-02-08T09:11:21 IST">
      <class name="com.swagatika.learning.seleniumtest.EbayMainTest">
        <test-method status="PASS" signature="beforeMethod()[pri:0, instance:com.swagatika.learning.seleniumtest.EbayMainTest@2bbf4b8b]" name="beforeMethod" is-config="true" duration-ms="7079" started-at="2022-02-08T09:10:39 IST" finished-at="2022-02-08T09:10:46 IST">
          <reporter-output>
          </reporter-output>
        </test-method> <!-- beforeMethod -->
        <test-method status="FAIL" signature="validateEbayTest()[pri:0, instance:com.swagatika.learning.seleniumtest.EbayMainTest@2bbf4b8b]" name="validateEbayTest" duration-ms="34523" started-at="2022-02-08T09:10:46 IST" finished-at="2022-02-08T09:11:21 IST">
          <exception class="java.lang.NullPointerException">
            <full-stacktrace>
              <![CDATA[java.lang.NullPointerException
at sun.reflect.NativeMethodAccessorImpl.invoke0(Native Method)
at sun.reflect.NativeMethodAccessorImpl.invoke(NativeMethodAccessorImpl.java:62)
at sun.reflect.DelegatingMethodAccessorImpl.invoke(DelegatingMethodAccessorImpl.java:43)
at java.lang.reflect.Method.invoke(Method.java:498)
at org.openqa.selenium.support.pagefactory.internal.LocatingElementHandler.invoke(LocatingElementHandler.java:51)
at com.sun.proxy.$Proxy9.getText(Unknown Source)
at com.swagatika.learning.seleniumtest.pageobjects.EBayAddToCart.getItemName(EBayAddToCart.java:40)
at com.swagatika.learning.seleniumtest.EbayMainTest.validateEbayTest(EbayMainTest.java:26)
at sun.reflect.NativeMethodAccessorImpl.invoke0(Native Method)
at sun.reflect.NativeMethodAccessorImpl.invoke(NativeMethodAccessorImpl.java:62)
at sun.reflect.DelegatingMethodAccessorImpl.invoke(DelegatingMethodAccessorImpl.java:43)
at java.lang.reflect.Method.invoke(Method.java:498)
at org.testng.internal.MethodInvocationHelper.invokeMethod(MethodInvocationHelper.java:133)
at org.testng.internal.TestInvoker.invokeMethod(TestInvoker.java:598)
at org.testng.internal.TestInvoker.invokeTestMethod(TestInvoker.java:173)
at org.testng.internal.MethodRunner.runInSequence(MethodRunner.java:46)
at org.testng.internal.TestInvoker$MethodInvocationAgent.invoke(TestInvoker.java:824)
at org.testng.internal.TestInvoker.invokeTestMethods(TestInvoker.java:146)
at org.testng.internal.TestMethodWorker.invokeTestMethods(TestMethodWorker.java:146)
at org.testng.internal.TestMethodWorker.run(TestMethodWorker.java:128)
at java.util.ArrayList.forEach(ArrayList.java:1259)
at org.testng.TestRunner.privateRun(TestRunner.java:794)
at org.testng.TestRunner.run(TestRunner.java:596)
at org.testng.SuiteRunner.runTest(SuiteRunner.java:377)
at org.testng.SuiteRunner.runSequentially(SuiteRunner.java:371)
at org.testng.SuiteRunner.privateRun(SuiteRunner.java:332)
at org.testng.SuiteRunner.run(SuiteRunner.java:276)
at org.testng.SuiteRunnerWorker.runSuite(SuiteRunnerWorker.java:53)
at org.testng.SuiteRunnerWorker.run(SuiteRunnerWorker.java:96)
at org.testng.TestNG.runSuitesSequentially(TestNG.java:1212)
at org.testng.TestNG.runSuitesLocally(TestNG.java:1134)
at org.testng.TestNG.runSuites(TestNG.java:1063)
at org.testng.TestNG.run(TestNG.java:1031)
at org.testng.remote.AbstractRemoteTestNG.run(AbstractRemoteTestNG.java:115)
at org.testng.remote.RemoteTestNG.initAndRun(RemoteTestNG.java:251)
at org.testng.remote.RemoteTestNG.main(RemoteTestNG.java:77)
]]>
            </full-stacktrace>
          </exception> <!-- java.lang.NullPointerException -->
          <reporter-output>
          </reporter-output>
        </test-method> <!-- validateEbayTest -->
        <test-method status="PASS" signature="afterMethod()[pri:0, instance:com.swagatika.learning.seleniumtest.EbayMainTest@2bbf4b8b]" name="afterMethod" is-config="true" duration-ms="88" started-at="2022-02-08T09:11:21 IST" finished-at="2022-02-08T09:11:21 IST">
          <reporter-output>
          </reporter-output>
        </test-method> <!-- afterMethod -->
      </class> <!-- com.swagatika.learning.seleniumtest.EbayMainTest -->
    </test> <!-- Default test -->
  </suite> <!-- Default suite -->
</testng-results>
